# JRE version: Java(TM) SE Runtime Environment (8.0_161-b12) (build 1.8.0_161-b12)
# Java VM: Java HotSpot(TM) 64-Bit Server VM (25.161-b12 mixed mode linux-amd64 compressed oops)
Heap:
 PSYoungGen      total 253440K, used 9726K [0x0000000771b80000, 0x0000000781c80000, 0x00000007c0000000)
  eden space 243712K, 0% used [0x0000000771b80000,0x0000000771b80000,0x0000000780980000)
  from space 9728K, 99% used [0x0000000780980000,0x00000007812ffb78,0x0000000781300000)
  to   space 9728K, 0% used [0x0000000781300000,0x0000000781300000,0x0000000781c80000)
 ParOldGen       total 161280K, used 78995K [0x00000006d5200000, 0x00000006def80000, 0x0000000771b80000)
  object space 161280K, 48% used [0x00000006d5200000,0x00000006d9f24ee8,0x00000006def80000)
 Metaspace       used 13391K, capacity 14242K, committed 14336K, reserved 1060864K
  class space    used 1762K, capacity 1961K, committed 2048K, reserved 1048576K
GC Heap History (9 events):
Event: 0.762 GC heap before
{Heap before GC invocations=1 (full 0):
 PSYoungGen      total 70656K, used 60928K [0x0000000771b80000, 0x0000000776a00000, 0x00000007c0000000)
  eden space 60928K, 100% used [0x0000000771b80000,0x0000000775700000,0x0000000775700000)
  from space 9728K, 0% used [0x0000000776080000,0x0000000776080000,0x0000000776a00000)
  to   space 9728K, 0% used [0x0000000775700000,0x0000000775700000,0x0000000776080000)
 ParOldGen       total 161280K, used 0K [0x00000006d5200000, 0x00000006def80000, 0x0000000771b80000)
  object space 161280K, 0% used [0x00000006d5200000,0x00000006d5200000,0x00000006def80000)
 Metaspace       used 9098K, capacity 9466K, committed 9600K, reserved 1056768K
  class space    used 1214K, capacity 1303K, committed 1408K, reserved 1048576K
Event: 0.776 GC heap after
Heap after GC invocations=1 (full 0):
 PSYoungGen      total 70656K, used 9697K [0x0000000771b80000, 0x000000077a580000, 0x00000007c0000000)
  eden space 60928K, 0% used [0x0000000771b80000,0x0000000771b80000,0x0000000775700000)
  from space 9728K, 99% used [0x0000000775700000,0x0000000776078620,0x0000000776080000)
  to   space 9728K, 0% used [0x0000000779c00000,0x0000000779c00000,0x000000077a580000)
 ParOldGen       total 161280K, used 8162K [0x00000006d5200000, 0x00000006def80000, 0x0000000771b80000)
  object space 161280K, 5% used [0x00000006d5200000,0x00000006d59f8b70,0x00000006def80000)
 Metaspace       used 9098K, capacity 9466K, committed 9600K, reserved 1056768K
  class space    used 1214K, capacity 1303K, committed 1408K, reserved 1048576K
}
Event: 1.299 GC heap before
{Heap before GC invocations=2 (full 0):
 PSYoungGen      total 70656K, used 70625K [0x0000000771b80000, 0x000000077a580000, 0x00000007c0000000)
  eden space 60928K, 100% used [0x0000000771b80000,0x0000000775700000,0x0000000775700000)
  from space 9728K, 99% used [0x0000000775700000,0x0000000776078620,0x0000000776080000)
  to   space 9728K, 0% used [0x0000000779c00000,0x0000000779c00000,0x000000077a580000)
 ParOldGen       total 161280K, used 8162K [0x00000006d5200000, 0x00000006def80000, 0x0000000771b80000)
  object space 161280K, 5% used [0x00000006d5200000,0x00000006d59f8b70,0x00000006def80000)
 Metaspace       used 12891K, capacity 13726K, committed 13952K, reserved 1060864K
  class space    used 1708K, capacity 1897K, committed 1920K, reserved 1048576K
Event: 1.322 GC heap after
Heap after GC invocations=2 (full 0):
 PSYoungGen      total 131584K, used 9698K [0x0000000771b80000, 0x000000077a580000, 0x00000007c0000000)
  eden space 121856K, 0% used [0x0000000771b80000,0x0000000771b80000,0x0000000779280000)
  from space 9728K, 99% used [0x0000000779c00000,0x000000077a5789c0,0x000000077a580000)
  to   space 9728K, 0% used [0x0000000779280000,0x0000000779280000,0x0000000779c00000)
 ParOldGen       total 161280K, used 19985K [0x00000006d5200000, 0x00000006def80000, 0x0000000771b80000)
  object space 161280K, 12% used [0x00000006d5200000,0x00000006d6584688,0x00000006def80000)
 Metaspace       used 12891K, capacity 13726K, committed 13952K, reserved 1060864K
  class space    used 1708K, capacity 1897K, committed 1920K, reserved 1048576K
}
Event: 1.651 GC heap before
{Heap before GC invocations=3 (full 0):
 PSYoungGen      total 131584K, used 131554K [0x0000000771b80000, 0x000000077a580000, 0x00000007c0000000)
  eden space 121856K, 100% used [0x0000000771b80000,0x0000000779280000,0x0000000779280000)
  from space 9728K, 99% used [0x0000000779c00000,0x000000077a5789c0,0x000000077a580000)
  to   space 9728K, 0% used [0x0000000779280000,0x0000000779280000,0x0000000779c00000)
 ParOldGen       total 161280K, used 19985K [0x00000006d5200000, 0x00000006def80000, 0x0000000771b80000)
  object space 161280K, 12% used [0x00000006d5200000,0x00000006d6584688,0x00000006def80000)
 Metaspace       used 13154K, capacity 13982K, committed 14080K, reserved 1060864K
  class space    used 1760K, capacity 1961K, committed 2048K, reserved 1048576K
Event: 1.683 GC heap after
Heap after GC invocations=3 (full 0):
 PSYoungGen      total 131584K, used 9712K [0x0000000771b80000, 0x0000000781c80000, 0x00000007c0000000)
  eden space 121856K, 0% used [0x0000000771b80000,0x0000000771b80000,0x0000000779280000)
  from space 9728K, 99% used [0x0000000779280000,0x0000000779bfc2c0,0x0000000779c00000)
  to   space 9728K, 0% used [0x0000000781300000,0x0000000781300000,0x0000000781c80000)
 ParOldGen       total 161280K, used 38624K [0x00000006d5200000, 0x00000006def80000, 0x0000000771b80000)
  object space 161280K, 23% used [0x00000006d5200000,0x00000006d77b8048,0x00000006def80000)
 Metaspace       used 13154K, capacity 13982K, committed 14080K, reserved 1060864K
  class space    used 1760K, capacity 1961K, committed 2048K, reserved 1048576K
}
Event: 1.995 GC heap before
{Heap before GC invocations=4 (full 0):
 PSYoungGen      total 131584K, used 131568K [0x0000000771b80000, 0x0000000781c80000, 0x00000007c0000000)
  eden space 121856K, 100% used [0x0000000771b80000,0x0000000779280000,0x0000000779280000)
  from space 9728K, 99% used [0x0000000779280000,0x0000000779bfc2c0,0x0000000779c00000)
  to   space 9728K, 0% used [0x0000000781300000,0x0000000781300000,0x0000000781c80000)
 ParOldGen       total 161280K, used 38624K [0x00000006d5200000, 0x00000006def80000, 0x0000000771b80000)
  object space 161280K, 23% used [0x00000006d5200000,0x00000006d77b8048,0x00000006def80000)
 Metaspace       used 13194K, capacity 14046K, committed 14336K, reserved 1060864K
  class space    used 1762K, capacity 1961K, committed 2048K, reserved 1048576K
Event: 2.036 GC heap after
Heap after GC invocations=4 (full 0):
 PSYoungGen      total 253440K, used 9723K [0x0000000771b80000, 0x0000000781c80000, 0x00000007c0000000)
  eden space 243712K, 0% used [0x0000000771b80000,0x0000000771b80000,0x0000000780980000)
  from space 9728K, 99% used [0x0000000781300000,0x0000000781c7ef10,0x0000000781c80000)
  to   space 9728K, 0% used [0x0000000780980000,0x0000000780980000,0x0000000781300000)
 ParOldGen       total 161280K, used 63695K [0x00000006d5200000, 0x00000006def80000, 0x0000000771b80000)
  object space 161280K, 39% used [0x00000006d5200000,0x00000006d9033e18,0x00000006def80000)
 Metaspace       used 13194K, capacity 14046K, committed 14336K, reserved 1060864K
  class space    used 1762K, capacity 1961K, committed 2048K, reserved 1048576K
}
Event: 2.741 GC heap before
{Heap before GC invocations=5 (full 0):
 PSYoungGen      total 253440K, used 253435K [0x0000000771b80000, 0x0000000781c80000, 0x00000007c0000000)
  eden space 243712K, 100% used [0x0000000771b80000,0x0000000780980000,0x0000000780980000)
  from space 9728K, 99% used [0x0000000781300000,0x0000000781c7ef10,0x0000000781c80000)
  to   space 9728K, 0% used [0x0000000780980000,0x0000000780980000,0x0000000781300000)
 ParOldGen       total 161280K, used 63695K [0x00000006d5200000, 0x00000006def80000, 0x0000000771b80000)
  object space 161280K, 39% used [0x00000006d5200000,0x00000006d9033e18,0x00000006def80000)
 Metaspace       used 13391K, capacity 14242K, committed 14336K, reserved 1060864K
  class space    used 1762K, capacity 1961K, committed 2048K, reserved 1048576K

