# JRE version: Java(TM) SE Runtime Environment (8.0_161-b12) (build 1.8.0_161-b12)
# Java VM: Java HotSpot(TM) 64-Bit Server VM (25.161-b12 mixed mode linux-amd64 compressed oops)
Heap:
 PSYoungGen      total 253440K, used 9705K [0x0000000771b80000, 0x0000000781c80000, 0x00000007c0000000)
  eden space 243712K, 0% used [0x0000000771b80000,0x0000000771b80000,0x0000000780980000)
  from space 9728K, 99% used [0x0000000780980000,0x00000007812fa6d0,0x0000000781300000)
  to   space 9728K, 0% used [0x0000000781300000,0x0000000781300000,0x0000000781c80000)
 ParOldGen       total 161280K, used 129195K [0x00000006d5200000, 0x00000006def80000, 0x0000000771b80000)
  object space 161280K, 80% used [0x00000006d5200000,0x00000006dd02acd8,0x00000006def80000)
 Metaspace       used 13170K, capacity 13940K, committed 13952K, reserved 1060864K
  class space    used 1731K, capacity 1916K, committed 1920K, reserved 1048576K
GC Heap History (9 events):
Event: 0.568 GC heap before
{Heap before GC invocations=1 (full 0):
 PSYoungGen      total 70656K, used 60928K [0x0000000771b80000, 0x0000000776a00000, 0x00000007c0000000)
  eden space 60928K, 100% used [0x0000000771b80000,0x0000000775700000,0x0000000775700000)
  from space 9728K, 0% used [0x0000000776080000,0x0000000776080000,0x0000000776a00000)
  to   space 9728K, 0% used [0x0000000775700000,0x0000000775700000,0x0000000776080000)
 ParOldGen       total 161280K, used 0K [0x00000006d5200000, 0x00000006def80000, 0x0000000771b80000)
  object space 161280K, 0% used [0x00000006d5200000,0x00000006d5200000,0x00000006def80000)
 Metaspace       used 7908K, capacity 8104K, committed 8320K, reserved 1056768K
  class space    used 1005K, capacity 1068K, committed 1152K, reserved 1048576K
Event: 0.583 GC heap after
Heap after GC invocations=1 (full 0):
 PSYoungGen      total 70656K, used 9726K [0x0000000771b80000, 0x000000077a580000, 0x00000007c0000000)
  eden space 60928K, 0% used [0x0000000771b80000,0x0000000771b80000,0x0000000775700000)
  from space 9728K, 99% used [0x0000000775700000,0x000000077607f938,0x0000000776080000)
  to   space 9728K, 0% used [0x0000000779c00000,0x0000000779c00000,0x000000077a580000)
 ParOldGen       total 161280K, used 10578K [0x00000006d5200000, 0x00000006def80000, 0x0000000771b80000)
  object space 161280K, 6% used [0x00000006d5200000,0x00000006d5c54aa8,0x00000006def80000)
 Metaspace       used 7908K, capacity 8104K, committed 8320K, reserved 1056768K
  class space    used 1005K, capacity 1068K, committed 1152K, reserved 1048576K
}
Event: 0.823 GC heap before
{Heap before GC invocations=2 (full 0):
 PSYoungGen      total 70656K, used 70654K [0x0000000771b80000, 0x000000077a580000, 0x00000007c0000000)
  eden space 60928K, 100% used [0x0000000771b80000,0x0000000775700000,0x0000000775700000)
  from space 9728K, 99% used [0x0000000775700000,0x000000077607f938,0x0000000776080000)
  to   space 9728K, 0% used [0x0000000779c00000,0x0000000779c00000,0x000000077a580000)
 ParOldGen       total 161280K, used 10580K [0x00000006d5200000, 0x00000006def80000, 0x0000000771b80000)
  object space 161280K, 6% used [0x00000006d5200000,0x00000006d5c55328,0x00000006def80000)
 Metaspace       used 8812K, capacity 9094K, committed 9216K, reserved 1056768K
  class space    used 1166K, capacity 1239K, committed 1280K, reserved 1048576K
Event: 0.866 GC heap after
Heap after GC invocations=2 (full 0):
 PSYoungGen      total 131584K, used 9720K [0x0000000771b80000, 0x000000077a580000, 0x00000007c0000000)
  eden space 121856K, 0% used [0x0000000771b80000,0x0000000771b80000,0x0000000779280000)
  from space 9728K, 99% used [0x0000000779c00000,0x000000077a57e218,0x000000077a580000)
  to   space 9728K, 0% used [0x0000000779280000,0x0000000779280000,0x0000000779c00000)
 ParOldGen       total 161280K, used 28946K [0x00000006d5200000, 0x00000006def80000, 0x0000000771b80000)
  object space 161280K, 17% used [0x00000006d5200000,0x00000006d6e44a70,0x00000006def80000)
 Metaspace       used 8812K, capacity 9094K, committed 9216K, reserved 1056768K
  class space    used 1166K, capacity 1239K, committed 1280K, reserved 1048576K
}
Event: 1.619 GC heap before
{Heap before GC invocations=3 (full 0):
 PSYoungGen      total 131584K, used 131576K [0x0000000771b80000, 0x000000077a580000, 0x00000007c0000000)
  eden space 121856K, 100% used [0x0000000771b80000,0x0000000779280000,0x0000000779280000)
  from space 9728K, 99% used [0x0000000779c00000,0x000000077a57e218,0x000000077a580000)
  to   space 9728K, 0% used [0x0000000779280000,0x0000000779280000,0x0000000779c00000)
 ParOldGen       total 161280K, used 28953K [0x00000006d5200000, 0x00000006def80000, 0x0000000771b80000)
  object space 161280K, 17% used [0x00000006d5200000,0x00000006d6e46740,0x00000006def80000)
 Metaspace       used 13042K, capacity 13772K, committed 13952K, reserved 1060864K
  class space    used 1729K, capacity 1884K, committed 1920K, reserved 1048576K
Event: 1.675 GC heap after
Heap after GC invocations=3 (full 0):
 PSYoungGen      total 131584K, used 9706K [0x0000000771b80000, 0x0000000781c80000, 0x00000007c0000000)
  eden space 121856K, 0% used [0x0000000771b80000,0x0000000771b80000,0x0000000779280000)
  from space 9728K, 99% used [0x0000000779280000,0x0000000779bfab68,0x0000000779c00000)
  to   space 9728K, 0% used [0x0000000781300000,0x0000000781300000,0x0000000781c80000)
 ParOldGen       total 161280K, used 54627K [0x00000006d5200000, 0x00000006def80000, 0x0000000771b80000)
  object space 161280K, 33% used [0x00000006d5200000,0x00000006d8758f00,0x00000006def80000)
 Metaspace       used 13042K, capacity 13772K, committed 13952K, reserved 1060864K
  class space    used 1729K, capacity 1884K, committed 1920K, reserved 1048576K
}
Event: 2.077 GC heap before
{Heap before GC invocations=4 (full 0):
 PSYoungGen      total 131584K, used 131500K [0x0000000771b80000, 0x0000000781c80000, 0x00000007c0000000)
  eden space 121856K, 99% used [0x0000000771b80000,0x0000000779270558,0x0000000779280000)
  from space 9728K, 99% used [0x0000000779280000,0x0000000779bfab68,0x0000000779c00000)
  to   space 9728K, 0% used [0x0000000781300000,0x0000000781300000,0x0000000781c80000)
 ParOldGen       total 161280K, used 54627K [0x00000006d5200000, 0x00000006def80000, 0x0000000771b80000)
  object space 161280K, 33% used [0x00000006d5200000,0x00000006d8758f00,0x00000006def80000)
 Metaspace       used 13085K, capacity 13836K, committed 13952K, reserved 1060864K
  class space    used 1729K, capacity 1884K, committed 1920K, reserved 1048576K
Event: 2.126 GC heap after
Heap after GC invocations=4 (full 0):
 PSYoungGen      total 253440K, used 9707K [0x0000000771b80000, 0x0000000781c80000, 0x00000007c0000000)
  eden space 243712K, 0% used [0x0000000771b80000,0x0000000771b80000,0x0000000780980000)
  from space 9728K, 99% used [0x0000000781300000,0x0000000781c7aee8,0x0000000781c80000)
  to   space 9728K, 0% used [0x0000000780980000,0x0000000780980000,0x0000000781300000)
 ParOldGen       total 161280K, used 82698K [0x00000006d5200000, 0x00000006def80000, 0x0000000771b80000)
  object space 161280K, 51% used [0x00000006d5200000,0x00000006da2c2890,0x00000006def80000)
 Metaspace       used 13085K, capacity 13836K, committed 13952K, reserved 1060864K
  class space    used 1729K, capacity 1884K, committed 1920K, reserved 1048576K
}
Event: 2.825 GC heap before
{Heap before GC invocations=5 (full 0):
 PSYoungGen      total 253440K, used 253419K [0x0000000771b80000, 0x0000000781c80000, 0x00000007c0000000)
  eden space 243712K, 100% used [0x0000000771b80000,0x0000000780980000,0x0000000780980000)
  from space 9728K, 99% used [0x0000000781300000,0x0000000781c7aee8,0x0000000781c80000)
  to   space 9728K, 0% used [0x0000000780980000,0x0000000780980000,0x0000000781300000)
 ParOldGen       total 161280K, used 82698K [0x00000006d5200000, 0x00000006def80000, 0x0000000771b80000)
  object space 161280K, 51% used [0x00000006d5200000,0x00000006da2c2890,0x00000006def80000)
 Metaspace       used 13170K, capacity 13940K, committed 13952K, reserved 1060864K
  class space    used 1731K, capacity 1916K, committed 1920K, reserved 1048576K

