# JRE version: Java(TM) SE Runtime Environment (8.0_161-b12) (build 1.8.0_161-b12)
# Java VM: Java HotSpot(TM) 64-Bit Server VM (25.161-b12 mixed mode linux-amd64 compressed oops)
Heap:
 PSYoungGen      total 253440K, used 9697K [0x0000000771b80000, 0x0000000781c80000, 0x00000007c0000000)
  eden space 243712K, 0% used [0x0000000771b80000,0x0000000771b80000,0x0000000780980000)
  from space 9728K, 99% used [0x0000000780980000,0x00000007812f85d0,0x0000000781300000)
  to   space 9728K, 0% used [0x0000000781300000,0x0000000781300000,0x0000000781c80000)
 ParOldGen       total 161280K, used 124095K [0x00000006d5200000, 0x00000006def80000, 0x0000000771b80000)
  object space 161280K, 76% used [0x00000006d5200000,0x00000006dcb2fd30,0x00000006def80000)
 Metaspace       used 13152K, capacity 13878K, committed 13952K, reserved 1060864K
  class space    used 1726K, capacity 1879K, committed 1920K, reserved 1048576K
GC Heap History (9 events):
Event: 0.736 GC heap before
{Heap before GC invocations=1 (full 0):
 PSYoungGen      total 70656K, used 60928K [0x0000000771b80000, 0x0000000776a00000, 0x00000007c0000000)
  eden space 60928K, 100% used [0x0000000771b80000,0x0000000775700000,0x0000000775700000)
  from space 9728K, 0% used [0x0000000776080000,0x0000000776080000,0x0000000776a00000)
  to   space 9728K, 0% used [0x0000000775700000,0x0000000775700000,0x0000000776080000)
 ParOldGen       total 161280K, used 0K [0x00000006d5200000, 0x00000006def80000, 0x0000000771b80000)
  object space 161280K, 0% used [0x00000006d5200000,0x00000006d5200000,0x00000006def80000)
 Metaspace       used 7918K, capacity 8230K, committed 8320K, reserved 1056768K
  class space    used 1003K, capacity 1089K, committed 1152K, reserved 1048576K
Event: 0.749 GC heap after
Heap after GC invocations=1 (full 0):
 PSYoungGen      total 70656K, used 9725K [0x0000000771b80000, 0x000000077a580000, 0x00000007c0000000)
  eden space 60928K, 0% used [0x0000000771b80000,0x0000000771b80000,0x0000000775700000)
  from space 9728K, 99% used [0x0000000775700000,0x000000077607f4a0,0x0000000776080000)
  to   space 9728K, 0% used [0x0000000779c00000,0x0000000779c00000,0x000000077a580000)
 ParOldGen       total 161280K, used 9865K [0x00000006d5200000, 0x00000006def80000, 0x0000000771b80000)
  object space 161280K, 6% used [0x00000006d5200000,0x00000006d5ba2658,0x00000006def80000)
 Metaspace       used 7918K, capacity 8230K, committed 8320K, reserved 1056768K
  class space    used 1003K, capacity 1089K, committed 1152K, reserved 1048576K
}
Event: 0.976 GC heap before
{Heap before GC invocations=2 (full 0):
 PSYoungGen      total 70656K, used 70547K [0x0000000771b80000, 0x000000077a580000, 0x00000007c0000000)
  eden space 60928K, 99% used [0x0000000771b80000,0x00000007756e5770,0x0000000775700000)
  from space 9728K, 99% used [0x0000000775700000,0x000000077607f4a0,0x0000000776080000)
  to   space 9728K, 0% used [0x0000000779c00000,0x0000000779c00000,0x000000077a580000)
 ParOldGen       total 161280K, used 9865K [0x00000006d5200000, 0x00000006def80000, 0x0000000771b80000)
  object space 161280K, 6% used [0x00000006d5200000,0x00000006d5ba2658,0x00000006def80000)
 Metaspace       used 8625K, capacity 8968K, committed 9216K, reserved 1056768K
  class space    used 1124K, capacity 1198K, committed 1280K, reserved 1048576K
Event: 1.015 GC heap after
Heap after GC invocations=2 (full 0):
 PSYoungGen      total 131584K, used 9717K [0x0000000771b80000, 0x000000077a580000, 0x00000007c0000000)
  eden space 121856K, 0% used [0x0000000771b80000,0x0000000771b80000,0x0000000779280000)
  from space 9728K, 99% used [0x0000000779c00000,0x000000077a57d7e0,0x000000077a580000)
  to   space 9728K, 0% used [0x0000000779280000,0x0000000779280000,0x0000000779c00000)
 ParOldGen       total 161280K, used 26958K [0x00000006d5200000, 0x00000006def80000, 0x0000000771b80000)
  object space 161280K, 16% used [0x00000006d5200000,0x00000006d6c53860,0x00000006def80000)
 Metaspace       used 8625K, capacity 8968K, committed 9216K, reserved 1056768K
  class space    used 1124K, capacity 1198K, committed 1280K, reserved 1048576K
}
Event: 1.823 GC heap before
{Heap before GC invocations=3 (full 0):
 PSYoungGen      total 131584K, used 131573K [0x0000000771b80000, 0x000000077a580000, 0x00000007c0000000)
  eden space 121856K, 100% used [0x0000000771b80000,0x0000000779280000,0x0000000779280000)
  from space 9728K, 99% used [0x0000000779c00000,0x000000077a57d7e0,0x000000077a580000)
  to   space 9728K, 0% used [0x0000000779280000,0x0000000779280000,0x0000000779c00000)
 ParOldGen       total 161280K, used 26958K [0x00000006d5200000, 0x00000006def80000, 0x0000000771b80000)
  object space 161280K, 16% used [0x00000006d5200000,0x00000006d6c53860,0x00000006def80000)
 Metaspace       used 12999K, capacity 13742K, committed 13952K, reserved 1060864K
  class space    used 1724K, capacity 1879K, committed 1920K, reserved 1048576K
Event: 1.873 GC heap after
Heap after GC invocations=3 (full 0):
 PSYoungGen      total 131584K, used 9716K [0x0000000771b80000, 0x0000000781c80000, 0x00000007c0000000)
  eden space 121856K, 0% used [0x0000000771b80000,0x0000000771b80000,0x0000000779280000)
  from space 9728K, 99% used [0x0000000779280000,0x0000000779bfd270,0x0000000779c00000)
  to   space 9728K, 0% used [0x0000000781300000,0x0000000781300000,0x0000000781c80000)
 ParOldGen       total 161280K, used 54175K [0x00000006d5200000, 0x00000006def80000, 0x0000000771b80000)
  object space 161280K, 33% used [0x00000006d5200000,0x00000006d86e7ea0,0x00000006def80000)
 Metaspace       used 12999K, capacity 13742K, committed 13952K, reserved 1060864K
  class space    used 1724K, capacity 1879K, committed 1920K, reserved 1048576K
}
Event: 2.309 GC heap before
{Heap before GC invocations=4 (full 0):
 PSYoungGen      total 131584K, used 131572K [0x0000000771b80000, 0x0000000781c80000, 0x00000007c0000000)
  eden space 121856K, 100% used [0x0000000771b80000,0x0000000779280000,0x0000000779280000)
  from space 9728K, 99% used [0x0000000779280000,0x0000000779bfd270,0x0000000779c00000)
  to   space 9728K, 0% used [0x0000000781300000,0x0000000781300000,0x0000000781c80000)
 ParOldGen       total 161280K, used 54175K [0x00000006d5200000, 0x00000006def80000, 0x0000000771b80000)
  object space 161280K, 33% used [0x00000006d5200000,0x00000006d86e7ea0,0x00000006def80000)
 Metaspace       used 13065K, capacity 13814K, committed 13952K, reserved 1060864K
  class space    used 1724K, capacity 1879K, committed 1920K, reserved 1048576K
Event: 2.359 GC heap after
Heap after GC invocations=4 (full 0):
 PSYoungGen      total 253440K, used 9716K [0x0000000771b80000, 0x0000000781c80000, 0x00000007c0000000)
  eden space 243712K, 0% used [0x0000000771b80000,0x0000000771b80000,0x0000000780980000)
  from space 9728K, 99% used [0x0000000781300000,0x0000000781c7d270,0x0000000781c80000)
  to   space 9728K, 0% used [0x0000000780980000,0x0000000780980000,0x0000000781300000)
 ParOldGen       total 161280K, used 82458K [0x00000006d5200000, 0x00000006def80000, 0x0000000771b80000)
  object space 161280K, 51% used [0x00000006d5200000,0x00000006da286b98,0x00000006def80000)
 Metaspace       used 13065K, capacity 13814K, committed 13952K, reserved 1060864K
  class space    used 1724K, capacity 1879K, committed 1920K, reserved 1048576K
}
Event: 3.062 GC heap before
{Heap before GC invocations=5 (full 0):
 PSYoungGen      total 253440K, used 253428K [0x0000000771b80000, 0x0000000781c80000, 0x00000007c0000000)
  eden space 243712K, 100% used [0x0000000771b80000,0x0000000780980000,0x0000000780980000)
  from space 9728K, 99% used [0x0000000781300000,0x0000000781c7d270,0x0000000781c80000)
  to   space 9728K, 0% used [0x0000000780980000,0x0000000780980000,0x0000000781300000)
 ParOldGen       total 161280K, used 82458K [0x00000006d5200000, 0x00000006def80000, 0x0000000771b80000)
  object space 161280K, 51% used [0x00000006d5200000,0x00000006da286b98,0x00000006def80000)
 Metaspace       used 13152K, capacity 13878K, committed 13952K, reserved 1060864K
  class space    used 1726K, capacity 1879K, committed 1920K, reserved 1048576K

