# JRE version: Java(TM) SE Runtime Environment (8.0_161-b12) (build 1.8.0_161-b12)
# Java VM: Java HotSpot(TM) 64-Bit Server VM (25.161-b12 mixed mode linux-amd64 compressed oops)
Heap:
 PSYoungGen      total 253440K, used 9718K [0x0000000771b80000, 0x0000000781c80000, 0x00000007c0000000)
  eden space 243712K, 0% used [0x0000000771b80000,0x0000000771b80000,0x0000000780980000)
  from space 9728K, 99% used [0x0000000780980000,0x00000007812fdb80,0x0000000781300000)
  to   space 9728K, 0% used [0x0000000781300000,0x0000000781300000,0x0000000781c80000)
 ParOldGen       total 161280K, used 130340K [0x00000006d5200000, 0x00000006def80000, 0x0000000771b80000)
  object space 161280K, 80% used [0x00000006d5200000,0x00000006dd149208,0x00000006def80000)
 Metaspace       used 13122K, capacity 13790K, committed 13952K, reserved 1060864K
  class space    used 1731K, capacity 1915K, committed 1920K, reserved 1048576K
GC Heap History (9 events):
Event: 0.575 GC heap before
{Heap before GC invocations=1 (full 0):
 PSYoungGen      total 70656K, used 60928K [0x0000000771b80000, 0x0000000776a00000, 0x00000007c0000000)
  eden space 60928K, 100% used [0x0000000771b80000,0x0000000775700000,0x0000000775700000)
  from space 9728K, 0% used [0x0000000776080000,0x0000000776080000,0x0000000776a00000)
  to   space 9728K, 0% used [0x0000000775700000,0x0000000775700000,0x0000000776080000)
 ParOldGen       total 161280K, used 0K [0x00000006d5200000, 0x00000006def80000, 0x0000000771b80000)
  object space 161280K, 0% used [0x00000006d5200000,0x00000006d5200000,0x00000006def80000)
 Metaspace       used 7879K, capacity 8198K, committed 8320K, reserved 1056768K
  class space    used 998K, capacity 1081K, committed 1152K, reserved 1048576K
Event: 0.590 GC heap after
Heap after GC invocations=1 (full 0):
 PSYoungGen      total 70656K, used 9727K [0x0000000771b80000, 0x000000077a580000, 0x00000007c0000000)
  eden space 60928K, 0% used [0x0000000771b80000,0x0000000771b80000,0x0000000775700000)
  from space 9728K, 99% used [0x0000000775700000,0x000000077607fe20,0x0000000776080000)
  to   space 9728K, 0% used [0x0000000779c00000,0x0000000779c00000,0x000000077a580000)
 ParOldGen       total 161280K, used 7911K [0x00000006d5200000, 0x00000006def80000, 0x0000000771b80000)
  object space 161280K, 4% used [0x00000006d5200000,0x00000006d59b9f28,0x00000006def80000)
 Metaspace       used 7879K, capacity 8198K, committed 8320K, reserved 1056768K
  class space    used 998K, capacity 1081K, committed 1152K, reserved 1048576K
}
Event: 0.851 GC heap before
{Heap before GC invocations=2 (full 0):
 PSYoungGen      total 70656K, used 70655K [0x0000000771b80000, 0x000000077a580000, 0x00000007c0000000)
  eden space 60928K, 100% used [0x0000000771b80000,0x0000000775700000,0x0000000775700000)
  from space 9728K, 99% used [0x0000000775700000,0x000000077607fe20,0x0000000776080000)
  to   space 9728K, 0% used [0x0000000779c00000,0x0000000779c00000,0x000000077a580000)
 ParOldGen       total 161280K, used 7911K [0x00000006d5200000, 0x00000006def80000, 0x0000000771b80000)
  object space 161280K, 4% used [0x00000006d5200000,0x00000006d59b9f28,0x00000006def80000)
 Metaspace       used 9211K, capacity 9604K, committed 9856K, reserved 1058816K
  class space    used 1223K, capacity 1324K, committed 1408K, reserved 1048576K
Event: 0.888 GC heap after
Heap after GC invocations=2 (full 0):
 PSYoungGen      total 131584K, used 9722K [0x0000000771b80000, 0x000000077a580000, 0x00000007c0000000)
  eden space 121856K, 0% used [0x0000000771b80000,0x0000000771b80000,0x0000000779280000)
  from space 9728K, 99% used [0x0000000779c00000,0x000000077a57e868,0x000000077a580000)
  to   space 9728K, 0% used [0x0000000779280000,0x0000000779280000,0x0000000779c00000)
 ParOldGen       total 161280K, used 27927K [0x00000006d5200000, 0x00000006def80000, 0x0000000771b80000)
  object space 161280K, 17% used [0x00000006d5200000,0x00000006d6d45d88,0x00000006def80000)
 Metaspace       used 9211K, capacity 9604K, committed 9856K, reserved 1058816K
  class space    used 1223K, capacity 1324K, committed 1408K, reserved 1048576K
}
Event: 1.704 GC heap before
{Heap before GC invocations=3 (full 0):
 PSYoungGen      total 131584K, used 131578K [0x0000000771b80000, 0x000000077a580000, 0x00000007c0000000)
  eden space 121856K, 100% used [0x0000000771b80000,0x0000000779280000,0x0000000779280000)
  from space 9728K, 99% used [0x0000000779c00000,0x000000077a57e868,0x000000077a580000)
  to   space 9728K, 0% used [0x0000000779280000,0x0000000779280000,0x0000000779c00000)
 ParOldGen       total 161280K, used 27927K [0x00000006d5200000, 0x00000006def80000, 0x0000000771b80000)
  object space 161280K, 17% used [0x00000006d5200000,0x00000006d6d45d88,0x00000006def80000)
 Metaspace       used 13043K, capacity 13694K, committed 13952K, reserved 1060864K
  class space    used 1728K, capacity 1883K, committed 1920K, reserved 1048576K
Event: 1.749 GC heap after
Heap after GC invocations=3 (full 0):
 PSYoungGen      total 131584K, used 9717K [0x0000000771b80000, 0x0000000781c80000, 0x00000007c0000000)
  eden space 121856K, 0% used [0x0000000771b80000,0x0000000771b80000,0x0000000779280000)
  from space 9728K, 99% used [0x0000000779280000,0x0000000779bfd7c8,0x0000000779c00000)
  to   space 9728K, 0% used [0x0000000781300000,0x0000000781300000,0x0000000781c80000)
 ParOldGen       total 161280K, used 56355K [0x00000006d5200000, 0x00000006def80000, 0x0000000771b80000)
  object space 161280K, 34% used [0x00000006d5200000,0x00000006d8908fb8,0x00000006def80000)
 Metaspace       used 13043K, capacity 13694K, committed 13952K, reserved 1060864K
  class space    used 1728K, capacity 1883K, committed 1920K, reserved 1048576K
}
Event: 2.105 GC heap before
{Heap before GC invocations=4 (full 0):
 PSYoungGen      total 131584K, used 131573K [0x0000000771b80000, 0x0000000781c80000, 0x00000007c0000000)
  eden space 121856K, 100% used [0x0000000771b80000,0x0000000779280000,0x0000000779280000)
  from space 9728K, 99% used [0x0000000779280000,0x0000000779bfd7c8,0x0000000779c00000)
  to   space 9728K, 0% used [0x0000000781300000,0x0000000781300000,0x0000000781c80000)
 ParOldGen       total 161280K, used 56355K [0x00000006d5200000, 0x00000006def80000, 0x0000000771b80000)
  object space 161280K, 34% used [0x00000006d5200000,0x00000006d8908fb8,0x00000006def80000)
 Metaspace       used 13098K, capacity 13758K, committed 13952K, reserved 1060864K
  class space    used 1728K, capacity 1883K, committed 1920K, reserved 1048576K
Event: 2.149 GC heap after
Heap after GC invocations=4 (full 0):
 PSYoungGen      total 253440K, used 9722K [0x0000000771b80000, 0x0000000781c80000, 0x00000007c0000000)
  eden space 243712K, 0% used [0x0000000771b80000,0x0000000771b80000,0x0000000780980000)
  from space 9728K, 99% used [0x0000000781300000,0x0000000781c7ebe8,0x0000000781c80000)
  to   space 9728K, 0% used [0x0000000780980000,0x0000000780980000,0x0000000781300000)
 ParOldGen       total 161280K, used 80663K [0x00000006d5200000, 0x00000006def80000, 0x0000000771b80000)
  object space 161280K, 50% used [0x00000006d5200000,0x00000006da0c5c80,0x00000006def80000)
 Metaspace       used 13098K, capacity 13758K, committed 13952K, reserved 1060864K
  class space    used 1728K, capacity 1883K, committed 1920K, reserved 1048576K
}
Event: 2.833 GC heap before
{Heap before GC invocations=5 (full 0):
 PSYoungGen      total 253440K, used 253434K [0x0000000771b80000, 0x0000000781c80000, 0x00000007c0000000)
  eden space 243712K, 100% used [0x0000000771b80000,0x0000000780980000,0x0000000780980000)
  from space 9728K, 99% used [0x0000000781300000,0x0000000781c7ebe8,0x0000000781c80000)
  to   space 9728K, 0% used [0x0000000780980000,0x0000000780980000,0x0000000781300000)
 ParOldGen       total 161280K, used 80663K [0x00000006d5200000, 0x00000006def80000, 0x0000000771b80000)
  object space 161280K, 50% used [0x00000006d5200000,0x00000006da0c5c80,0x00000006def80000)
 Metaspace       used 13122K, capacity 13790K, committed 13952K, reserved 1060864K
  class space    used 1731K, capacity 1915K, committed 1920K, reserved 1048576K

